[training@localhost Pat	ent]$ hadoop jar Patent.jar Cite Patent/Input/cite*.txt Patent/OutputCite003
inputPath : Patent/Input/cite*.txt
outputPath : Patent/OutputCite003
14/08/31 05:23:53 WARN mapred.JobClient: Use GenericOptionsParser for parsing the arguments. Applications should implement Tool for the same.
14/08/31 05:23:53 WARN snappy.LoadSnappy: Snappy native library is available
14/08/31 05:23:53 INFO util.NativeCodeLoader: Loaded the native-hadoop library
14/08/31 05:23:53 INFO snappy.LoadSnappy: Snappy native library loaded
14/08/31 05:23:53 INFO mapred.FileInputFormat: Total input paths to process : 1
14/08/31 05:23:53 INFO mapred.JobClient: Running job: job_201408310433_0012
14/08/31 05:23:54 INFO mapred.JobClient:  map 0% reduce 0%
14/08/31 05:24:05 INFO mapred.JobClient:  map 4% reduce 0%
14/08/31 05:25:09 INFO mapred.JobClient:  map 50% reduce 0%
14/08/31 05:25:57 INFO mapred.JobClient:  map 73% reduce 0%
14/08/31 05:26:02 INFO mapred.JobClient:  map 75% reduce 8%
14/08/31 05:26:05 INFO mapred.JobClient:  map 75% reduce 16%
14/08/31 05:26:30 INFO mapred.JobClient:  map 99% reduce 16%
14/08/31 05:26:44 INFO mapred.JobClient:  map 100% reduce 16%
14/08/31 05:26:54 INFO mapred.JobClient:  map 100% reduce 67%
14/08/31 05:26:57 INFO mapred.JobClient:  map 100% reduce 69%
14/08/31 05:27:28 INFO mapred.JobClient:  map 100% reduce 97%
14/08/31 05:27:31 INFO mapred.JobClient:  map 100% reduce 100%
14/08/31 05:27:35 INFO mapred.JobClient: Job complete: job_201408310433_0012
14/08/31 05:27:36 INFO mapred.JobClient: Counters: 23
14/08/31 05:27:36 INFO mapred.JobClient:   Job Counters 
14/08/31 05:27:36 INFO mapred.JobClient:     Launched reduce tasks=1
14/08/31 05:27:36 INFO mapred.JobClient:     SLOTS_MILLIS_MAPS=339152
14/08/31 05:27:36 INFO mapred.JobClient:     Total time spent by all reduces waiting after reserving slots (ms)=0
14/08/31 05:27:36 INFO mapred.JobClient:     Total time spent by all maps waiting after reserving slots (ms)=0
14/08/31 05:27:36 INFO mapred.JobClient:     Launched map tasks=4
14/08/31 05:27:36 INFO mapred.JobClient:     Data-local map tasks=4
14/08/31 05:27:36 INFO mapred.JobClient:     SLOTS_MILLIS_REDUCES=141601
14/08/31 05:27:36 INFO mapred.JobClient:   FileSystemCounters
14/08/31 05:27:36 INFO mapred.JobClient:     FILE_BYTES_READ=409092184
14/08/31 05:27:36 INFO mapred.JobClient:     HDFS_BYTES_READ=264088162
14/08/31 05:27:36 INFO mapred.JobClient:     FILE_BYTES_WRITTEN=574590394
14/08/31 05:27:36 INFO mapred.JobClient:     HDFS_BYTES_WRITTEN=158078522
14/08/31 05:27:36 INFO mapred.JobClient:   Map-Reduce Framework
14/08/31 05:27:36 INFO mapred.JobClient:     Reduce input groups=3258983
14/08/31 05:27:36 INFO mapred.JobClient:     Combine output records=0
14/08/31 05:27:36 INFO mapred.JobClient:     Map input records=16522439
14/08/31 05:27:36 INFO mapred.JobClient:     Reduce shuffle bytes=123247688
14/08/31 05:27:36 INFO mapred.JobClient:     Reduce output records=3258983
14/08/31 05:27:36 INFO mapred.JobClient:     Spilled Records=57431612
14/08/31 05:27:36 INFO mapred.JobClient:     Map output bytes=132179504
14/08/31 05:27:36 INFO mapred.JobClient:     Map input bytes=264075431
14/08/31 05:27:36 INFO mapred.JobClient:     Combine input records=0
14/08/31 05:27:36 INFO mapred.JobClient:     Map output records=16522438
14/08/31 05:27:36 INFO mapred.JobClient:     SPLIT_RAW_BYTES=440
14/08/31 05:27:36 INFO mapred.JobClient:     Reduce input records=16522438
[training@localhost Patent]$





[training@localhost Patent]$ hadoop jar Patent.jar Count Patent/Input/cite*.txt Patent/OutputCount001
inputPath : Patent/Input/cite*.txt
outputPath : Patent/OutputCount001
14/08/31 05:28:10 WARN mapred.JobClient: Use GenericOptionsParser for parsing the arguments. Applications should implement Tool for the same.
14/08/31 05:28:10 WARN snappy.LoadSnappy: Snappy native library is available
14/08/31 05:28:10 INFO util.NativeCodeLoader: Loaded the native-hadoop library
14/08/31 05:28:10 INFO snappy.LoadSnappy: Snappy native library loaded
14/08/31 05:28:10 INFO mapred.FileInputFormat: Total input paths to process : 1
14/08/31 05:28:11 INFO mapred.JobClient: Running job: job_201408310433_0013
14/08/31 05:28:12 INFO mapred.JobClient:  map 0% reduce 0%
14/08/31 05:28:23 INFO mapred.JobClient:  map 5% reduce 0%
14/08/31 05:28:47 INFO mapred.JobClient:  map 25% reduce 0%
14/08/31 05:29:59 INFO mapred.JobClient:  map 56% reduce 0%
14/08/31 05:30:11 INFO mapred.JobClient:  map 56% reduce 8%
14/08/31 05:30:12 INFO mapred.JobClient:  map 68% reduce 16%
14/08/31 05:30:27 INFO mapred.JobClient:  map 82% reduce 16%
14/08/31 05:30:35 INFO mapred.JobClient:  map 90% reduce 16%
14/08/31 05:30:45 INFO mapred.JobClient:  map 97% reduce 16%
14/08/31 05:30:46 INFO mapred.JobClient:  map 99% reduce 16%
14/08/31 05:30:49 INFO mapred.JobClient:  map 100% reduce 16%
14/08/31 05:31:30 INFO mapred.JobClient:  map 100% reduce 95%
14/08/31 05:31:33 INFO mapred.JobClient:  map 100% reduce 100%
14/08/31 05:31:38 INFO mapred.JobClient: Job complete: job_201408310433_0013
14/08/31 05:31:38 INFO mapred.JobClient: Counters: 23
14/08/31 05:31:38 INFO mapred.JobClient:   Job Counters 
14/08/31 05:31:38 INFO mapred.JobClient:     Launched reduce tasks=1
14/08/31 05:31:38 INFO mapred.JobClient:     SLOTS_MILLIS_MAPS=342106
14/08/31 05:31:38 INFO mapred.JobClient:     Total time spent by all reduces waiting after reserving slots (ms)=0
14/08/31 05:31:38 INFO mapred.JobClient:     Total time spent by all maps waiting after reserving slots (ms)=0
14/08/31 05:31:38 INFO mapred.JobClient:     Launched map tasks=4
14/08/31 05:31:38 INFO mapred.JobClient:     Data-local map tasks=4
14/08/31 05:31:38 INFO mapred.JobClient:     SLOTS_MILLIS_REDUCES=122411
14/08/31 05:31:38 INFO mapred.JobClient:   FileSystemCounters
14/08/31 05:31:38 INFO mapred.JobClient:     FILE_BYTES_READ=409092184
14/08/31 05:31:38 INFO mapred.JobClient:     HDFS_BYTES_READ=264088162
14/08/31 05:31:38 INFO mapred.JobClient:     FILE_BYTES_WRITTEN=574590469
14/08/31 05:31:38 INFO mapred.JobClient:     HDFS_BYTES_WRITTEN=32858603
14/08/31 05:31:38 INFO mapred.JobClient:   Map-Reduce Framework
14/08/31 05:31:38 INFO mapred.JobClient:     Reduce input groups=3258983
14/08/31 05:31:38 INFO mapred.JobClient:     Combine output records=0
14/08/31 05:31:38 INFO mapred.JobClient:     Map input records=16522439
14/08/31 05:31:38 INFO mapred.JobClient:     Reduce shuffle bytes=165224404
14/08/31 05:31:38 INFO mapred.JobClient:     Reduce output records=3258983
14/08/31 05:31:38 INFO mapred.JobClient:     Spilled Records=57431612
14/08/31 05:31:38 INFO mapred.JobClient:     Map output bytes=132179504
14/08/31 05:31:38 INFO mapred.JobClient:     Map input bytes=264075431
14/08/31 05:31:38 INFO mapred.JobClient:     Combine input records=0
14/08/31 05:31:38 INFO mapred.JobClient:     Map output records=16522438
14/08/31 05:31:38 INFO mapred.JobClient:     SPLIT_RAW_BYTES=440
14/08/31 05:31:38 INFO mapred.JobClient:     Reduce input records=16522438
[training@localhost Patent]$ 


4723129	779


[training@localhost Patent]$ hadoop jar Patent.jar CountofCount Patent/Input/part-00000_Count Patent/OutputCoC005
inputPath : Patent/Input/part-00000_Count
outputPath : Patent/OutputCoC005
14/08/31 06:54:26 WARN mapred.JobClient: Use GenericOptionsParser for parsing the arguments. Applications should implement Tool for the same.
14/08/31 06:54:26 WARN snappy.LoadSnappy: Snappy native library is available
14/08/31 06:54:26 INFO util.NativeCodeLoader: Loaded the native-hadoop library
14/08/31 06:54:26 INFO snappy.LoadSnappy: Snappy native library loaded
14/08/31 06:54:26 INFO mapred.FileInputFormat: Total input paths to process : 1
14/08/31 06:54:26 INFO mapred.JobClient: Running job: job_201408310433_0021
14/08/31 06:54:27 INFO mapred.JobClient:  map 0% reduce 0%
14/08/31 06:54:38 INFO mapred.JobClient:  map 28% reduce 0%
14/08/31 06:54:41 INFO mapred.JobClient:  map 49% reduce 0%
14/08/31 06:54:44 INFO mapred.JobClient:  map 67% reduce 0%
14/08/31 06:54:47 INFO mapred.JobClient:  map 87% reduce 0%
14/08/31 06:54:50 INFO mapred.JobClient:  map 100% reduce 0%
14/08/31 06:55:12 INFO mapred.JobClient:  map 100% reduce 88%
14/08/31 06:55:14 INFO mapred.JobClient:  map 100% reduce 100%
14/08/31 06:55:14 INFO mapred.JobClient: Job complete: job_201408310433_0021
14/08/31 06:55:14 INFO mapred.JobClient: Counters: 23
14/08/31 06:55:14 INFO mapred.JobClient:   Job Counters 
14/08/31 06:55:14 INFO mapred.JobClient:     Launched reduce tasks=1
14/08/31 06:55:14 INFO mapred.JobClient:     SLOTS_MILLIS_MAPS=48380
14/08/31 06:55:14 INFO mapred.JobClient:     Total time spent by all reduces waiting after reserving slots (ms)=0
14/08/31 06:55:14 INFO mapred.JobClient:     Total time spent by all maps waiting after reserving slots (ms)=0
14/08/31 06:55:14 INFO mapred.JobClient:     Launched map tasks=2
14/08/31 06:55:14 INFO mapred.JobClient:     Data-local map tasks=2
14/08/31 06:55:14 INFO mapred.JobClient:     SLOTS_MILLIS_REDUCES=21288
14/08/31 06:55:14 INFO mapred.JobClient:   FileSystemCounters
14/08/31 06:55:14 INFO mapred.JobClient:     FILE_BYTES_READ=65179750
14/08/31 06:55:14 INFO mapred.JobClient:     HDFS_BYTES_READ=32862681
14/08/31 06:55:14 INFO mapred.JobClient:     FILE_BYTES_WRITTEN=97933924
14/08/31 06:55:14 INFO mapred.JobClient:     HDFS_BYTES_WRITTEN=1721
14/08/31 06:55:14 INFO mapred.JobClient:   Map-Reduce Framework
14/08/31 06:55:14 INFO mapred.JobClient:     Reduce input groups=258
14/08/31 06:55:14 INFO mapred.JobClient:     Combine output records=0
14/08/31 06:55:14 INFO mapred.JobClient:     Map input records=3258983
14/08/31 06:55:14 INFO mapred.JobClient:     Reduce shuffle bytes=32589842
14/08/31 06:55:14 INFO mapred.JobClient:     Reduce output records=258
14/08/31 06:55:14 INFO mapred.JobClient:     Spilled Records=9776949
14/08/31 06:55:14 INFO mapred.JobClient:     Map output bytes=26071864
14/08/31 06:55:14 INFO mapred.JobClient:     Map input bytes=32858603
14/08/31 06:55:14 INFO mapred.JobClient:     Combine input records=0
14/08/31 06:55:14 INFO mapred.JobClient:     Map output records=3258983
14/08/31 06:55:14 INFO mapred.JobClient:     SPLIT_RAW_BYTES=226
14/08/31 06:55:14 INFO mapred.JobClient:     Reduce input records=3258983
[training@localhost Patent]$ 


Patent/OutputCite003
Patent/OutputCount001
