[training@localhost Desktop]$ hadoop fs -rmr  Patent/Input/tmp 
Deleted hdfs://localhost/user/training/Patent/Input/tmp
[training@localhost Desktop]$ hadoop jar PatX.jar CoC  Patent/Input/cite75_99.txt Patent/Output004
inputPath : Patent/Input/cite75_99.txt
tempDirectory Patent/Input/tmp
outputPath : Patent/Output004
14/09/09 00:18:38 WARN mapred.JobClient: Use GenericOptionsParser for parsing the arguments. Applications should implement Tool for the same.
14/09/09 00:18:38 INFO input.FileInputFormat: Total input paths to process : 1
14/09/09 00:18:38 WARN snappy.LoadSnappy: Snappy native library is available
14/09/09 00:18:38 INFO util.NativeCodeLoader: Loaded the native-hadoop library
14/09/09 00:18:38 INFO snappy.LoadSnappy: Snappy native library loaded
14/09/09 00:18:38 INFO mapred.JobClient: Running job: job_201409082321_0020
14/09/09 00:18:39 INFO mapred.JobClient:  map 0% reduce 0%
14/09/09 00:18:50 INFO mapred.JobClient:  map 2% reduce 0%
14/09/09 00:18:52 INFO mapred.JobClient:  map 5% reduce 0%
14/09/09 00:18:53 INFO mapred.JobClient:  map 6% reduce 0%
14/09/09 00:18:54 INFO mapred.JobClient:  map 7% reduce 0%
14/09/09 00:18:56 INFO mapred.JobClient:  map 9% reduce 0%
14/09/09 00:18:57 INFO mapred.JobClient:  map 10% reduce 0%
14/09/09 00:18:59 INFO mapred.JobClient:  map 12% reduce 0%
14/09/09 00:19:00 INFO mapred.JobClient:  map 13% reduce 0%
14/09/09 00:19:02 INFO mapred.JobClient:  map 14% reduce 0%
14/09/09 00:19:03 INFO mapred.JobClient:  map 15% reduce 0%
14/09/09 00:19:06 INFO mapred.JobClient:  map 17% reduce 0%
14/09/09 00:19:07 INFO mapred.JobClient:  map 18% reduce 0%
14/09/09 00:19:09 INFO mapred.JobClient:  map 20% reduce 0%
14/09/09 00:19:10 INFO mapred.JobClient:  map 21% reduce 0%
14/09/09 00:19:12 INFO mapred.JobClient:  map 22% reduce 0%
14/09/09 00:19:13 INFO mapred.JobClient:  map 23% reduce 0%
14/09/09 00:19:15 INFO mapred.JobClient:  map 25% reduce 0%
14/09/09 00:19:16 INFO mapred.JobClient:  map 26% reduce 0%
14/09/09 00:19:18 INFO mapred.JobClient:  map 27% reduce 0%
14/09/09 00:19:19 INFO mapred.JobClient:  map 29% reduce 0%
14/09/09 00:19:21 INFO mapred.JobClient:  map 30% reduce 0%
14/09/09 00:19:22 INFO mapred.JobClient:  map 32% reduce 0%
14/09/09 00:19:27 INFO mapred.JobClient:  map 33% reduce 0%
14/09/09 00:19:30 INFO mapred.JobClient:  map 35% reduce 0%
14/09/09 00:19:31 INFO mapred.JobClient:  map 36% reduce 0%
14/09/09 00:19:34 INFO mapred.JobClient:  map 37% reduce 0%
14/09/09 00:19:35 INFO mapred.JobClient:  map 42% reduce 0%
14/09/09 00:19:37 INFO mapred.JobClient:  map 43% reduce 0%
14/09/09 00:19:43 INFO mapred.JobClient:  map 44% reduce 0%
14/09/09 00:19:44 INFO mapred.JobClient:  map 45% reduce 0%
14/09/09 00:19:47 INFO mapred.JobClient:  map 47% reduce 0%
14/09/09 00:19:51 INFO mapred.JobClient:  map 48% reduce 0%
14/09/09 00:19:55 INFO mapred.JobClient:  map 49% reduce 0%
14/09/09 00:19:57 INFO mapred.JobClient:  map 52% reduce 0%
14/09/09 00:19:59 INFO mapred.JobClient:  map 53% reduce 0%
14/09/09 00:20:02 INFO mapred.JobClient:  map 54% reduce 0%
14/09/09 00:20:14 INFO mapred.JobClient:  map 55% reduce 0%
14/09/09 00:20:17 INFO mapred.JobClient:  map 58% reduce 0%
14/09/09 00:20:18 INFO mapred.JobClient:  map 58% reduce 8%
14/09/09 00:20:24 INFO mapred.JobClient:  map 59% reduce 8%
14/09/09 00:20:27 INFO mapred.JobClient:  map 64% reduce 8%
14/09/09 00:20:30 INFO mapred.JobClient:  map 66% reduce 8%
14/09/09 00:20:33 INFO mapred.JobClient:  map 69% reduce 8%
14/09/09 00:20:36 INFO mapred.JobClient:  map 72% reduce 8%
14/09/09 00:20:40 INFO mapred.JobClient:  map 74% reduce 8%
14/09/09 00:20:58 INFO mapred.JobClient:  map 74% reduce 25%
14/09/09 00:21:10 INFO mapred.JobClient:  map 80% reduce 25%
14/09/09 00:21:13 INFO mapred.JobClient:  map 83% reduce 25%
14/09/09 00:21:16 INFO mapred.JobClient:  map 86% reduce 25%
14/09/09 00:21:19 INFO mapred.JobClient:  map 89% reduce 25%
14/09/09 00:21:22 INFO mapred.JobClient:  map 91% reduce 25%
14/09/09 00:21:25 INFO mapred.JobClient:  map 95% reduce 25%
14/09/09 00:21:28 INFO mapred.JobClient:  map 98% reduce 25%
14/09/09 00:21:31 INFO mapred.JobClient:  map 100% reduce 25%
14/09/09 00:21:41 INFO mapred.JobClient:  map 100% reduce 68%
14/09/09 00:21:44 INFO mapred.JobClient:  map 100% reduce 70%
14/09/09 00:21:47 INFO mapred.JobClient:  map 100% reduce 75%
14/09/09 00:21:50 INFO mapred.JobClient:  map 100% reduce 81%
14/09/09 00:21:53 INFO mapred.JobClient:  map 100% reduce 87%
14/09/09 00:21:56 INFO mapred.JobClient:  map 100% reduce 93%
14/09/09 00:21:59 INFO mapred.JobClient:  map 100% reduce 99%
14/09/09 00:22:00 INFO mapred.JobClient:  map 100% reduce 100%
14/09/09 00:22:01 INFO mapred.JobClient: Job complete: job_201409082321_0020
14/09/09 00:22:01 INFO mapred.JobClient: Counters: 23
14/09/09 00:22:01 INFO mapred.JobClient:   Job Counters 
14/09/09 00:22:01 INFO mapred.JobClient:     Launched reduce tasks=1
14/09/09 00:22:01 INFO mapred.JobClient:     SLOTS_MILLIS_MAPS=305391
14/09/09 00:22:01 INFO mapred.JobClient:     Total time spent by all reduces waiting after reserving slots (ms)=0
14/09/09 00:22:01 INFO mapred.JobClient:     Total time spent by all maps waiting after reserving slots (ms)=0
14/09/09 00:22:01 INFO mapred.JobClient:     Launched map tasks=4
14/09/09 00:22:01 INFO mapred.JobClient:     Data-local map tasks=4
14/09/09 00:22:01 INFO mapred.JobClient:     SLOTS_MILLIS_REDUCES=136999
14/09/09 00:22:01 INFO mapred.JobClient:   CoC$ReducerPatentCitation$REDUCECOUNTER
14/09/09 00:22:01 INFO mapred.JobClient:     PATENTS=3258983
14/09/09 00:22:01 INFO mapred.JobClient:   FileSystemCounters
14/09/09 00:22:01 INFO mapred.JobClient:     FILE_BYTES_READ=409092184
14/09/09 00:22:01 INFO mapred.JobClient:     HDFS_BYTES_READ=264088210
14/09/09 00:22:01 INFO mapred.JobClient:     FILE_BYTES_WRITTEN=574589933
14/09/09 00:22:01 INFO mapred.JobClient:     HDFS_BYTES_WRITTEN=32858603
14/09/09 00:22:01 INFO mapred.JobClient:   Map-Reduce Framework
14/09/09 00:22:01 INFO mapred.JobClient:     Reduce input groups=3258983
14/09/09 00:22:01 INFO mapred.JobClient:     Combine output records=0
14/09/09 00:22:01 INFO mapred.JobClient:     Map input records=16522439
14/09/09 00:22:01 INFO mapred.JobClient:     Reduce shuffle bytes=165224404
14/09/09 00:22:01 INFO mapred.JobClient:     Reduce output records=3258983
14/09/09 00:22:01 INFO mapred.JobClient:     Spilled Records=57431612
14/09/09 00:22:01 INFO mapred.JobClient:     Map output bytes=132179504
14/09/09 00:22:01 INFO mapred.JobClient:     Combine input records=0
14/09/09 00:22:01 INFO mapred.JobClient:     Map output records=16522438
14/09/09 00:22:01 INFO mapred.JobClient:     SPLIT_RAW_BYTES=488
14/09/09 00:22:01 INFO mapred.JobClient:     Reduce input records=16522438
14/09/09 00:22:01 INFO mapred.JobClient: Running job: job_201409082321_0020
14/09/09 00:22:01 INFO mapred.JobClient: Job complete: job_201409082321_0020
14/09/09 00:22:01 INFO mapred.JobClient: Counters: 23
14/09/09 00:22:01 INFO mapred.JobClient:   Job Counters 
14/09/09 00:22:01 INFO mapred.JobClient:     Launched reduce tasks=1
14/09/09 00:22:01 INFO mapred.JobClient:     SLOTS_MILLIS_MAPS=305391
14/09/09 00:22:01 INFO mapred.JobClient:     Total time spent by all reduces waiting after reserving slots (ms)=0
14/09/09 00:22:01 INFO mapred.JobClient:     Total time spent by all maps waiting after reserving slots (ms)=0
14/09/09 00:22:01 INFO mapred.JobClient:     Launched map tasks=4
14/09/09 00:22:01 INFO mapred.JobClient:     Data-local map tasks=4
14/09/09 00:22:01 INFO mapred.JobClient:     SLOTS_MILLIS_REDUCES=136999
14/09/09 00:22:01 INFO mapred.JobClient:   CoC$ReducerPatentCitation$REDUCECOUNTER
14/09/09 00:22:01 INFO mapred.JobClient:     PATENTS=3258983
14/09/09 00:22:01 INFO mapred.JobClient:   FileSystemCounters
14/09/09 00:22:01 INFO mapred.JobClient:     FILE_BYTES_READ=409092184
14/09/09 00:22:01 INFO mapred.JobClient:     HDFS_BYTES_READ=264088210
14/09/09 00:22:01 INFO mapred.JobClient:     FILE_BYTES_WRITTEN=574589933
14/09/09 00:22:01 INFO mapred.JobClient:     HDFS_BYTES_WRITTEN=32858603
14/09/09 00:22:01 INFO mapred.JobClient:   Map-Reduce Framework
14/09/09 00:22:01 INFO mapred.JobClient:     Reduce input groups=3258983
14/09/09 00:22:01 INFO mapred.JobClient:     Combine output records=0
14/09/09 00:22:01 INFO mapred.JobClient:     Map input records=16522439
14/09/09 00:22:01 INFO mapred.JobClient:     Reduce shuffle bytes=165224404
14/09/09 00:22:01 INFO mapred.JobClient:     Reduce output records=3258983
14/09/09 00:22:01 INFO mapred.JobClient:     Spilled Records=57431612
14/09/09 00:22:01 INFO mapred.JobClient:     Map output bytes=132179504
14/09/09 00:22:01 INFO mapred.JobClient:     Combine input records=0
14/09/09 00:22:01 INFO mapred.JobClient:     Map output records=16522438
14/09/09 00:22:01 INFO mapred.JobClient:     SPLIT_RAW_BYTES=488
14/09/09 00:22:01 INFO mapred.JobClient:     Reduce input records=16522438
14/09/09 00:22:01 WARN mapred.JobClient: Use GenericOptionsParser for parsing the arguments. Applications should implement Tool for the same.
14/09/09 00:22:01 INFO input.FileInputFormat: Total input paths to process : 1
14/09/09 00:22:02 INFO mapred.JobClient: Running job: job_201409082321_0021
14/09/09 00:22:03 INFO mapred.JobClient:  map 0% reduce 0%
14/09/09 00:22:13 INFO mapred.JobClient:  map 39% reduce 0%
14/09/09 00:22:16 INFO mapred.JobClient:  map 60% reduce 0%
14/09/09 00:22:19 INFO mapred.JobClient:  map 80% reduce 0%
14/09/09 00:22:22 INFO mapred.JobClient:  map 100% reduce 0%
14/09/09 00:22:36 INFO mapred.JobClient:  map 100% reduce 33%
14/09/09 00:22:40 INFO mapred.JobClient:  map 100% reduce 100%
14/09/09 00:22:40 INFO mapred.JobClient: Job complete: job_201409082321_0021
14/09/09 00:22:40 INFO mapred.JobClient: Counters: 22
14/09/09 00:22:40 INFO mapred.JobClient:   Job Counters 
14/09/09 00:22:40 INFO mapred.JobClient:     Launched reduce tasks=1
14/09/09 00:22:40 INFO mapred.JobClient:     SLOTS_MILLIS_MAPS=22328
14/09/09 00:22:40 INFO mapred.JobClient:     Total time spent by all reduces waiting after reserving slots (ms)=0
14/09/09 00:22:40 INFO mapred.JobClient:     Total time spent by all maps waiting after reserving slots (ms)=0
14/09/09 00:22:40 INFO mapred.JobClient:     Launched map tasks=1
14/09/09 00:22:40 INFO mapred.JobClient:     Data-local map tasks=1
14/09/09 00:22:40 INFO mapred.JobClient:     SLOTS_MILLIS_REDUCES=14615
14/09/09 00:22:40 INFO mapred.JobClient:   FileSystemCounters
14/09/09 00:22:40 INFO mapred.JobClient:     FILE_BYTES_READ=75665480
14/09/09 00:22:40 INFO mapred.JobClient:     HDFS_BYTES_READ=32858728
14/09/09 00:22:40 INFO mapred.JobClient:     FILE_BYTES_WRITTEN=108364576
14/09/09 00:22:40 INFO mapred.JobClient:     HDFS_BYTES_WRITTEN=1721
14/09/09 00:22:40 INFO mapred.JobClient:   Map-Reduce Framework
14/09/09 00:22:40 INFO mapred.JobClient:     Reduce input groups=258
14/09/09 00:22:40 INFO mapred.JobClient:     Combine output records=0
14/09/09 00:22:40 INFO mapred.JobClient:     Map input records=3258983
14/09/09 00:22:40 INFO mapred.JobClient:     Reduce shuffle bytes=32589836
14/09/09 00:22:40 INFO mapred.JobClient:     Reduce output records=258
14/09/09 00:22:40 INFO mapred.JobClient:     Spilled Records=10825522
14/09/09 00:22:40 INFO mapred.JobClient:     Map output bytes=26071864
14/09/09 00:22:40 INFO mapred.JobClient:     Combine input records=0
14/09/09 00:22:40 INFO mapred.JobClient:     Map output records=3258983
14/09/09 00:22:40 INFO mapred.JobClient:     SPLIT_RAW_BYTES=125
14/09/09 00:22:40 INFO mapred.JobClient:     Reduce input records=3258983
[training@localhost Desktop]$ hadoop fs -get Patent/Output004 .
[training@localhost Desktop]$ 
